2025-02-16T01:05:48,856 [main] DEBUG com.rit.Log4j2Demo - This is a DEBUG level message.
2025-02-16T01:05:48,858 [main] INFO  com.rit.Log4j2Demo - This is an INFO level message.
2025-02-16T01:05:48,858 [main] WARN  com.rit.Log4j2Demo - This is a WARN level message.
2025-02-16T01:05:48,858 [main] ERROR com.rit.Log4j2Demo - This is an ERROR level message.
2025-02-16T01:05:48,859 [main] FATAL com.rit.Log4j2Demo - This is a FATAL level message.
2025-02-16T01:07:08,470 [main] TRACE com.rit.Log4j2Demo - This is a TRACE level message.
2025-02-16T01:07:08,472 [main] DEBUG com.rit.Log4j2Demo - This is a DEBUG level message.
2025-02-16T01:07:08,472 [main] INFO  com.rit.Log4j2Demo - This is an INFO level message.
2025-02-16T01:07:08,472 [main] WARN  com.rit.Log4j2Demo - This is a WARN level message.
2025-02-16T01:07:08,472 [main] ERROR com.rit.Log4j2Demo - This is an ERROR level message.
2025-02-16T01:07:08,472 [main] FATAL com.rit.Log4j2Demo - This is a FATAL level message.
2025-02-19T12:02:12,532 [main] TRACE com.rit.Log4j2Demo - This is a TRACE level message.
2025-02-19T12:02:12,535 [main] DEBUG com.rit.Log4j2Demo - This is a DEBUG level message.
2025-02-19T12:02:12,535 [main] INFO  com.rit.Log4j2Demo - This is an INFO level message.
2025-02-19T12:02:12,535 [main] WARN  com.rit.Log4j2Demo - This is a WARN level message.
2025-02-19T12:02:12,536 [main] ERROR com.rit.Log4j2Demo - This is an ERROR level message.
2025-02-19T12:02:12,536 [main] FATAL com.rit.Log4j2Demo - This is a FATAL level message.
2025-02-19T12:07:04,630 [main] WARN  com.rit.Log4j2Demo - This is a WARN level message.
2025-02-19T12:07:04,632 [main] ERROR com.rit.Log4j2Demo - This is an ERROR level message.
2025-02-19T12:07:04,632 [main] FATAL com.rit.Log4j2Demo - This is a FATAL level message.
